#! /usr/bin/vvp
:ivl_version "10.2 (stable)";
:ivl_delay_selection "TYPICAL";
:vpi_time_precision + 0;
:vpi_module "system";
:vpi_module "vhdl_sys";
:vpi_module "v2005_math";
:vpi_module "va_math";
S_0x563add0fb700 .scope module, "XPowerIterative" "XPowerIterative" 2 1;
 .timescale 0 0;
    .port_info 0 /OUTPUT 8 "XPower"
    .port_info 1 /OUTPUT 1 "finished"
    .port_info 2 /INPUT 8 "X"
    .port_info 3 /INPUT 1 "clk"
    .port_info 4 /INPUT 1 "start"
o0x7f3f07a51018 .functor BUFZ 8, C4<zzzzzzzz>; HiZ drive
v0x563add0c4090_0 .net "X", 7 0, o0x7f3f07a51018;  0 drivers
v0x563add12adc0_0 .var "XPower", 7 0;
v0x563add12aea0_0 .net *"_s0", 31 0, L_0x563add12bd10;  1 drivers
L_0x7f3f07a08018 .functor BUFT 1, C4<000000000000000000000000>, C4<0>, C4<0>, C4<0>;
v0x563add12af60_0 .net *"_s3", 23 0, L_0x7f3f07a08018;  1 drivers
L_0x7f3f07a08060 .functor BUFT 1, C4<00000000000000000000000000000000>, C4<0>, C4<0>, C4<0>;
v0x563add12b040_0 .net/2u *"_s4", 31 0, L_0x7f3f07a08060;  1 drivers
o0x7f3f07a51108 .functor BUFZ 1, C4<z>; HiZ drive
v0x563add12b170_0 .net "clk", 0 0, o0x7f3f07a51108;  0 drivers
v0x563add12b230_0 .net "finished", 0 0, L_0x563add13be40;  1 drivers
v0x563add12b2f0_0 .var "ncount", 7 0;
o0x7f3f07a51198 .functor BUFZ 1, C4<z>; HiZ drive
v0x563add12b3d0_0 .net "start", 0 0, o0x7f3f07a51198;  0 drivers
E_0x563add0c48c0 .event posedge, v0x563add12b170_0;
L_0x563add12bd10 .concat [ 8 24 0 0], v0x563add12b2f0_0, L_0x7f3f07a08018;
L_0x563add13be40 .cmp/eq 32, L_0x563add12bd10, L_0x7f3f07a08060;
S_0x563add0fb900 .scope module, "main" "main" 3 5;
 .timescale 0 0;
v0x563add12b530_0 .var/i "aux", 31 0;
v0x563add12b630_0 .var/i "cols", 31 0;
v0x563add12b710_0 .var/i "file2", 31 0;
v0x563add12b7d0_0 .var/i "filed", 31 0;
v0x563add12b8b0_0 .var/i "i", 31 0;
v0x563add12b990_0 .var/i "j", 31 0;
v0x563add12ba70_0 .var/i "lines", 31 0;
v0x563add12bb50_0 .var "num", 31 0;
v0x563add12bc30_0 .var/i "pos", 31 0;
    .scope S_0x563add0fb700;
T_0 ;
    %wait E_0x563add0c48c0;
    %load/vec4 v0x563add12b3d0_0;
    %flag_set/vec4 8;
    %jmp/0xz  T_0.0, 8;
    %load/vec4 v0x563add0c4090_0;
    %assign/vec4 v0x563add12adc0_0, 0;
    %pushi/vec4 2, 0, 8;
    %assign/vec4 v0x563add12b2f0_0, 0;
    %jmp T_0.1;
T_0.0 ;
    %load/vec4 v0x563add12b230_0;
    %nor/r;
    %flag_set/vec4 8;
    %jmp/0xz  T_0.2, 8;
    %load/vec4 v0x563add12b2f0_0;
    %subi 1, 0, 8;
    %assign/vec4 v0x563add12b2f0_0, 0;
    %load/vec4 v0x563add12adc0_0;
    %load/vec4 v0x563add0c4090_0;
    %mul;
    %assign/vec4 v0x563add12adc0_0, 0;
T_0.2 ;
T_0.1 ;
    %jmp T_0;
    .thread T_0;
    .scope S_0x563add0fb900;
T_1 ;
    %vpi_func 3 23 "$fopen" 32, "File.pgm", "r" {0 0 0};
    %store/vec4 v0x563add12b7d0_0, 0, 32;
    %vpi_func 3 24 "$fopen" 32, "File_Filter.pgm", "r+" {0 0 0};
    %store/vec4 v0x563add12b710_0, 0, 32;
    %load/vec4 v0x563add12b7d0_0;
    %nor/r;
    %flag_set/vec4 8;
    %jmp/0xz  T_1.0, 8;
    %vpi_call 3 26 "$display", "Nao foi possivel abrir o arquivo." {0 0 0};
    %jmp T_1.1;
T_1.0 ;
    %vpi_func 3 28 "$fseek" 32, v0x563add12b7d0_0, 32'sb00000000000000000000000000000000, 32'sb00000000000000000000000000000000 {0 0 0};
    %store/vec4 v0x563add12b530_0, 0, 32;
    %vpi_func 3 29 "$fscanf" 32, v0x563add12b7d0_0, "%s", v0x563add12bb50_0 {0 0 0};
    %store/vec4 v0x563add12b530_0, 0, 32;
    %vpi_call 3 30 "$fwrite", v0x563add12b710_0, "%0s\012", v0x563add12bb50_0 {0 0 0};
    %vpi_func 3 31 "$fscanf" 32, v0x563add12b7d0_0, "%d", &PV<v0x563add12ba70_0, 0, 12> {0 0 0};
    %store/vec4 v0x563add12b530_0, 0, 32;
    %vpi_call 3 32 "$fwrite", v0x563add12b710_0, "%0d ", &PV<v0x563add12ba70_0, 0, 12> {0 0 0};
    %vpi_func 3 33 "$fscanf" 32, v0x563add12b7d0_0, "%d", &PV<v0x563add12b630_0, 0, 12> {0 0 0};
    %store/vec4 v0x563add12b530_0, 0, 32;
    %vpi_call 3 34 "$fwrite", v0x563add12b710_0, "%0d\012", &PV<v0x563add12b630_0, 0, 12> {0 0 0};
    %vpi_func 3 35 "$fscanf" 32, v0x563add12b7d0_0, "%d", v0x563add12bb50_0 {0 0 0};
    %store/vec4 v0x563add12b530_0, 0, 32;
    %vpi_call 3 36 "$fwrite", v0x563add12b710_0, "%0d\012", v0x563add12bb50_0 {0 0 0};
    %pushi/vec4 0, 0, 32;
    %store/vec4 v0x563add12b8b0_0, 0, 32;
T_1.2 ;
    %load/vec4 v0x563add12b8b0_0;
    %load/vec4 v0x563add12ba70_0;
    %parti/s 12, 0, 2;
    %pad/u 32;
    %cmp/u;
    %jmp/0xz T_1.3, 5;
    %pushi/vec4 0, 0, 32;
    %store/vec4 v0x563add12b990_0, 0, 32;
T_1.4 ;
    %load/vec4 v0x563add12b990_0;
    %load/vec4 v0x563add12b630_0;
    %parti/s 12, 0, 2;
    %pad/u 32;
    %cmp/u;
    %jmp/0xz T_1.5, 5;
    %vpi_func 3 39 "$ftell" 32, v0x563add12b7d0_0 {0 0 0};
    %store/vec4 v0x563add12bc30_0, 0, 32;
    %vpi_func 3 40 "$fscanf" 32, v0x563add12b7d0_0, "%d", v0x563add12bb50_0 {0 0 0};
    %store/vec4 v0x563add12b530_0, 0, 32;
    %load/vec4 v0x563add12bb50_0;
    %addi 20, 0, 32;
    %store/vec4 v0x563add12bb50_0, 0, 32;
    %pushi/vec4 255, 0, 32;
    %load/vec4 v0x563add12bb50_0;
    %cmp/u;
    %jmp/0xz  T_1.6, 5;
    %pushi/vec4 255, 0, 32;
    %store/vec4 v0x563add12bb50_0, 0, 32;
T_1.6 ;
    %vpi_call 3 45 "$fwrite", v0x563add12b710_0, "%0d ", v0x563add12bb50_0 {0 0 0};
    %load/vec4 v0x563add12b990_0;
    %addi 1, 0, 32;
    %store/vec4 v0x563add12b990_0, 0, 32;
    %jmp T_1.4;
T_1.5 ;
    %vpi_call 3 49 "$fwrite", v0x563add12b7d0_0, "\012" {0 0 0};
    %load/vec4 v0x563add12b8b0_0;
    %addi 1, 0, 32;
    %store/vec4 v0x563add12b8b0_0, 0, 32;
    %jmp T_1.2;
T_1.3 ;
T_1.1 ;
    %delay 5, 0;
    %vpi_call 3 52 "$finish" {0 0 0};
    %end;
    .thread T_1;
# The file index is used to find the file name in the following table.
:file_names 4;
    "N/A";
    "<interactive>";
    "design.v";
    "main.v";
